[35m[Appium][39m Welcome to Appium v1.22.3
[35m[Appium][39m Non-default server args:
[35m[Appium][39m   port: 50512
[35m[Appium][39m   loglevel: info
[35m[Appium][39m   tmpDir: C:\Users\zentrum3\AppData\Local\Temp\\Katalon\Appium\Temp1672163468325
[35m[Appium][39m   chromedriverPort: 50513
[35m[Appium][39m Deprecated server args:
[35m[Appium][39m   [31m--chromedriver-port[39m => --default-capabilities
[35m[Appium][39m Default capabilities, which will be added to each request unless overridden by desired capabilities:
[35m[Appium][39m   chromedriverPort: 50513
[35m[Appium][39m Appium REST http interface listener started on 0.0.0.0:50512
[35m[HTTP][39m [37m-->[39m [37mGET[39m [37m/wd/hub/status[39m
[35m[HTTP][39m [90m{}[39m
[35m[HTTP][39m [37m<-- GET /wd/hub/status [39m[32m200[39m [90m20 ms - 68[39m
[35m[HTTP][39m [90m[39m
[35m[HTTP][39m [37m-->[39m [37mGET[39m [37m/wd/hub/status[39m
[35m[HTTP][39m [90m{}[39m
[35m[HTTP][39m [37m<-- GET /wd/hub/status [39m[32m200[39m [90m3 ms - 68[39m
[35m[HTTP][39m [90m[39m
[35m[HTTP][39m [37m-->[39m [37mPOST[39m [37m/wd/hub/session[39m
[35m[HTTP][39m [90m{"desiredCapabilities":{"appActivity":".Settings","appPackage":"com.android.settings","newCommandTimeout":1800,"platformVersion":"11","automationName":"uiautomator2","autoGrantPermissions":true,"platformName":"Android","udid":"emulator-5554","deviceName":"emulator-5554 (sdk_gphone_x86 - Android 11)","platform":"ANDROID","systemPort":8268},"capabilities":{"firstMatch":[{"appium:appActivity":".Settings","appium:appPackage":"com.android.settings","appium:autoGrantPermissions":true,"appium:automationName":"uiautomator2","appium:deviceName":"emulator-5554 (sdk_gphone_x86 - Android 11)","appium:newCommandTimeout":1800,"platform":"ANDROID","platformName":"android","appium:platformVersion":"11","appium:systemPort":8268,"appium:udid":"emulator-5554"}]}}[39m
[35m[BaseDriver][39m The following capabilities are not standard capabilities and should have an extension prefix:
[35m[BaseDriver][39m   platform
[35m[BaseDriver][39m   chromedriverPort
[35m[Appium][39m Appium v1.22.3 creating new AndroidUiautomator2Driver (v1.70.1) session
[35m[BaseDriver][39m The following capabilities were provided, but are not recognized by Appium:
[35m[BaseDriver][39m   platform
[35m[BaseDriver][39m Session created with session id: caacc79a-d91e-43fc-bc01-5a4f87e6d1d7
[35m[UiAutomator2][39m Starting 'com.android.settings' directly on the device
[35m[ADB][39m Found 3 'build-tools' folders under 'C:\Users\zentrum3\AppData\Local\Android\Sdk' (newest first):
[35m[ADB][39m     C:/Users/zentrum3/AppData/Local/Android/Sdk/build-tools/30.0.3
[35m[ADB][39m     C:/Users/zentrum3/AppData/Local/Android/Sdk/build-tools/29.0.2
[35m[ADB][39m     C:/Users/zentrum3/AppData/Local/Android/Sdk/build-tools/28.0.3
[35m[ADB][39m Using 'adb.exe' from 'C:\Users\zentrum3\AppData\Local\Android\Sdk\platform-tools\adb.exe'
[35m[AndroidDriver][39m Retrieving device list
[35m[AndroidDriver][39m Using device: emulator-5554
[35m[ADB][39m Using 'adb.exe' from 'C:\Users\zentrum3\AppData\Local\Android\Sdk\platform-tools\adb.exe'
[35m[ADB][39m Getting device platform version
[35m[UiAutomator2][39m Relaxing hidden api policy
[35m[AndroidDriver][39m No app sent in, not parsing package/activity
[35m[ADB][39m The application at 'C:\Users\zentrum3\AppData\Roaming\npm\node_modules\appium\node_modules\io.appium.settings\apks\settings_apk-debug.apk' will not be cached, because the device under test has confirmed the support of streamed installs
[35m[ADB][39m The installation of 'settings_apk-debug.apk' took 1383ms
[35m[ADB][39m Using 'apksigner.jar' from 'C:\Users\zentrum3\AppData\Local\Android\Sdk\build-tools\30.0.3\lib\apksigner.jar'
[35m[ADB][39m 'C:\Users\zentrum3\AppData\Roaming\npm\node_modules\appium\node_modules\appium-uiautomator2-server\apks\appium-uiautomator2-server-v4.27.0.apk' is signed with the default certificate
[35m[ADB][39m 'C:\Users\zentrum3\AppData\Roaming\npm\node_modules\appium\node_modules\appium-uiautomator2-server\apks\appium-uiautomator2-server-debug-androidTest.apk' is signed with the default certificate
[35m[UiAutomator2][39m Server packages are going to be (re)installed
[35m[ADB][39m The application at 'C:\Users\zentrum3\AppData\Roaming\npm\node_modules\appium\node_modules\appium-uiautomator2-server\apks\appium-uiautomator2-server-v4.27.0.apk' will not be cached, because the device under test has confirmed the support of streamed installs
[35m[ADB][39m The installation of 'appium-uiautomator2-server-v4.27.0.apk' took 443ms
[35m[ADB][39m The application at 'C:\Users\zentrum3\AppData\Roaming\npm\node_modules\appium\node_modules\appium-uiautomator2-server\apks\appium-uiautomator2-server-debug-androidTest.apk' will not be cached, because the device under test has confirmed the support of streamed installs
[35m[ADB][39m The installation of 'appium-uiautomator2-server-debug-androidTest.apk' took 1413ms
[35m[ADB][39m Adding packages ["io.appium.settings","io.appium.uiautomator2.server","io.appium.uiautomator2.server.test"] to Doze whitelist
[35m[UiAutomator2][39m Starting UIAutomator2 server 4.27.0
[35m[UiAutomator2][39m Using UIAutomator2 server from 'C:\Users\zentrum3\AppData\Roaming\npm\node_modules\appium\node_modules\appium-uiautomator2-server\apks\appium-uiautomator2-server-v4.27.0.apk' and test from 'C:\Users\zentrum3\AppData\Roaming\npm\node_modules\appium\node_modules\appium-uiautomator2-server\apks\appium-uiautomator2-server-debug-androidTest.apk'
[35m[UiAutomator2][39m Waiting up to 30000ms for UiAutomator2 to be online...
[35m[WD Proxy][39m socket hang up
[35m[WD Proxy][39m socket hang up
[35m[WD Proxy][39m socket hang up
[35m[WD Proxy][39m socket hang up
[35m[WD Proxy][39m socket hang up
[35m[WD Proxy][39m socket hang up
[35m[WD Proxy][39m socket hang up
[35m[WD Proxy][39m socket hang up
[35m[WD Proxy][39m socket hang up
[35m[WD Proxy][39m socket hang up
[35m[WD Proxy][39m socket hang up
[35m[WD Proxy][39m socket hang up
[35m[WD Proxy][39m Determined the downstream protocol as 'W3C'
[35m[AndroidDriver][39m Screen already unlocked, doing nothing
[35m[UiAutomator2][39m Starting 'com.android.settings/.Settings and waiting for 'com.android.settings/.Settings'
[35m[Appium][39m New AndroidUiautomator2Driver session created successfully, session caacc79a-d91e-43fc-bc01-5a4f87e6d1d7 added to master session list
[35m[HTTP][39m [37m<-- POST /wd/hub/session [39m[32m200[39m [90m45936 ms - 1185[39m
[35m[HTTP][39m [90m[39m
[35m[HTTP][39m [37m-->[39m [37mGET[39m [37m/wd/hub/session/caacc79a-d91e-43fc-bc01-5a4f87e6d1d7[39m
[35m[HTTP][39m [90m{}[39m
[35m[HTTP][39m [37m<-- GET /wd/hub/session/caacc79a-d91e-43fc-bc01-5a4f87e6d1d7 [39m[32m200[39m [90m42 ms - 1139[39m
[35m[HTTP][39m [90m[39m
[35m[HTTP][39m [37m-->[39m [37mGET[39m [37m/wd/hub/session/caacc79a-d91e-43fc-bc01-5a4f87e6d1d7[39m
[35m[HTTP][39m [90m{}[39m
[35m[HTTP][39m [37m<-- GET /wd/hub/session/caacc79a-d91e-43fc-bc01-5a4f87e6d1d7 [39m[32m200[39m [90m54 ms - 1139[39m
[35m[HTTP][39m [90m[39m
[35m[HTTP][39m [37m-->[39m [37mGET[39m [37m/wd/hub/status[39m
[35m[HTTP][39m [90m{}[39m
[35m[HTTP][39m [37m<-- GET /wd/hub/status [39m[32m200[39m [90m2 ms - 68[39m
[35m[HTTP][39m [90m[39m
[35m[HTTP][39m [37m-->[39m [37mPOST[39m [37m/wd/hub/session/caacc79a-d91e-43fc-bc01-5a4f87e6d1d7/timeouts[39m
[35m[HTTP][39m [90m{"implicit":60000}[39m
[35m[HTTP][39m [37m<-- POST /wd/hub/session/caacc79a-d91e-43fc-bc01-5a4f87e6d1d7/timeouts [39m[32m200[39m [90m7 ms - 14[39m
[35m[HTTP][39m [90m[39m
[35m[HTTP][39m [37m-->[39m [37mGET[39m [37m/wd/hub/session/caacc79a-d91e-43fc-bc01-5a4f87e6d1d7/screenshot[39m
[35m[HTTP][39m [90m{}[39m
[35m[HTTP][39m [37m<-- GET /wd/hub/session/caacc79a-d91e-43fc-bc01-5a4f87e6d1d7/screenshot [39m[32m200[39m [90m1500 ms - 198540[39m
[35m[HTTP][39m [90m[39m
[35m[HTTP][39m [37m-->[39m [37mGET[39m [37m/wd/hub/session/caacc79a-d91e-43fc-bc01-5a4f87e6d1d7/window/rect[39m
[35m[HTTP][39m [90m{}[39m
[35m[HTTP][39m [37m<-- GET /wd/hub/session/caacc79a-d91e-43fc-bc01-5a4f87e6d1d7/window/rect [39m[32m200[39m [90m34 ms - 50[39m
[35m[HTTP][39m [90m[39m
[35m[HTTP][39m [37m-->[39m [37mGET[39m [37m/wd/hub/session/caacc79a-d91e-43fc-bc01-5a4f87e6d1d7/appium/device/system_bars[39m
[35m[HTTP][39m [90m{}[39m
[35m[HTTP][39m [37m<-- GET /wd/hub/session/caacc79a-d91e-43fc-bc01-5a4f87e6d1d7/appium/device/system_bars [39m[32m200[39m [90m546 ms - 148[39m
[35m[HTTP][39m [90m[39m
[35m[HTTP][39m [37m-->[39m [37mPOST[39m [37m/wd/hub/session/caacc79a-d91e-43fc-bc01-5a4f87e6d1d7/appium/device/activate_app[39m
[35m[HTTP][39m [90m{"bundleId":"com.google.android.calculator"}[39m
[35m[HTTP][39m [37m<-- POST /wd/hub/session/caacc79a-d91e-43fc-bc01-5a4f87e6d1d7/appium/device/activate_app [39m[32m200[39m [90m1570 ms - 14[39m
[35m[HTTP][39m [90m[39m
[35m[HTTP][39m [37m-->[39m [37mGET[39m [37m/wd/hub/session/caacc79a-d91e-43fc-bc01-5a4f87e6d1d7/source[39m
[35m[HTTP][39m [90m{}[39m
[35m[W3C (caacc79a)][39m Driver proxy active, passing request on via HTTP proxy
[35m[WD Proxy][39m Replacing sessionId 969e1274-0cff-45c4-a46e-df3efa1b1e26 with caacc79a-d91e-43fc-bc01-5a4f87e6d1d7
[35m[HTTP][39m [37m<-- GET /wd/hub/session/caacc79a-d91e-43fc-bc01-5a4f87e6d1d7/source [39m[32m200[39m [90m1004 ms - 16568[39m
[35m[HTTP][39m [90m[39m
[35m[HTTP][39m [37m-->[39m [37mGET[39m [37m/wd/hub/session/caacc79a-d91e-43fc-bc01-5a4f87e6d1d7/screenshot[39m
[35m[HTTP][39m [90m{}[39m
[35m[HTTP][39m [37m<-- GET /wd/hub/session/caacc79a-d91e-43fc-bc01-5a4f87e6d1d7/screenshot [39m[32m200[39m [90m1175 ms - 31520[39m
[35m[HTTP][39m [90m[39m
[35m[HTTP][39m [37m-->[39m [37mGET[39m [37m/wd/hub/session/caacc79a-d91e-43fc-bc01-5a4f87e6d1d7/source[39m
[35m[HTTP][39m [90m{}[39m
[35m[W3C (caacc79a)][39m Driver proxy active, passing request on via HTTP proxy
[35m[WD Proxy][39m Replacing sessionId 969e1274-0cff-45c4-a46e-df3efa1b1e26 with caacc79a-d91e-43fc-bc01-5a4f87e6d1d7
[35m[HTTP][39m [37m<-- GET /wd/hub/session/caacc79a-d91e-43fc-bc01-5a4f87e6d1d7/source [39m[32m200[39m [90m552 ms - 20070[39m
[35m[HTTP][39m [90m[39m
[35m[HTTP][39m [37m-->[39m [37mGET[39m [37m/wd/hub/session/caacc79a-d91e-43fc-bc01-5a4f87e6d1d7/screenshot[39m
[35m[HTTP][39m [90m{}[39m
[35m[HTTP][39m [37m<-- GET /wd/hub/session/caacc79a-d91e-43fc-bc01-5a4f87e6d1d7/screenshot [39m[32m200[39m [90m1578 ms - 143840[39m
[35m[HTTP][39m [90m[39m
[35m[HTTP][39m [37m-->[39m [37mPOST[39m [37m/wd/hub/session/caacc79a-d91e-43fc-bc01-5a4f87e6d1d7/elements[39m
[35m[HTTP][39m [90m{"using":"xpath","value":"//*[@class = 'android.widget.ImageButton' and @resource-id = 'com.google.android.calculator:id/digit_2' and (@text = '' or . = '')]"}[39m
[35m[HTTP][39m [37m<-- POST /wd/hub/session/caacc79a-d91e-43fc-bc01-5a4f87e6d1d7/elements [39m[32m200[39m [90m596 ms - 139[39m
[35m[HTTP][39m [90m[39m
[35m[HTTP][39m [37m-->[39m [37mGET[39m [37m/wd/hub/session/caacc79a-d91e-43fc-bc01-5a4f87e6d1d7/window/rect[39m
[35m[HTTP][39m [90m{}[39m
[35m[HTTP][39m [37m<-- GET /wd/hub/session/caacc79a-d91e-43fc-bc01-5a4f87e6d1d7/window/rect [39m[32m200[39m [90m17 ms - 50[39m
[35m[HTTP][39m [90m[39m
[35m[HTTP][39m [37m-->[39m [37mPOST[39m [37m/wd/hub/session/caacc79a-d91e-43fc-bc01-5a4f87e6d1d7/elements[39m
[35m[HTTP][39m [90m{"using":"xpath","value":"//*[@class = 'android.widget.ImageButton' and @resource-id = 'com.google.android.calculator:id/digit_2' and (@text = '' or . = '')]"}[39m
[35m[HTTP][39m [37m<-- POST /wd/hub/session/caacc79a-d91e-43fc-bc01-5a4f87e6d1d7/elements [39m[32m200[39m [90m182 ms - 139[39m
[35m[HTTP][39m [90m[39m
[35m[HTTP][39m [37m-->[39m [37mGET[39m [37m/wd/hub/session/caacc79a-d91e-43fc-bc01-5a4f87e6d1d7/element/00000000-0000-000b-ffff-ffff00000062/location[39m
[35m[HTTP][39m [90m{}[39m
[35m[W3C (caacc79a)][39m Driver proxy active, passing request on via HTTP proxy
[35m[WD Proxy][39m Replacing sessionId 969e1274-0cff-45c4-a46e-df3efa1b1e26 with caacc79a-d91e-43fc-bc01-5a4f87e6d1d7
[35m[HTTP][39m [37m<-- GET /wd/hub/session/caacc79a-d91e-43fc-bc01-5a4f87e6d1d7/element/00000000-0000-000b-ffff-ffff00000062/location [39m[32m200[39m [90m23 ms - 79[39m
[35m[HTTP][39m [90m[39m
[35m[HTTP][39m [37m-->[39m [37mPOST[39m [37m/wd/hub/session/caacc79a-d91e-43fc-bc01-5a4f87e6d1d7/element/00000000-0000-000b-ffff-ffff00000062/click[39m
[35m[HTTP][39m [90m{"id":"00000000-0000-000b-ffff-ffff00000062"}[39m
[35m[HTTP][39m [37m<-- POST /wd/hub/session/caacc79a-d91e-43fc-bc01-5a4f87e6d1d7/element/00000000-0000-000b-ffff-ffff00000062/click [39m[32m200[39m [90m903 ms - 14[39m
[35m[HTTP][39m [90m[39m
[35m[HTTP][39m [37m-->[39m [37mGET[39m [37m/wd/hub/session/caacc79a-d91e-43fc-bc01-5a4f87e6d1d7/source[39m
[35m[HTTP][39m [90m{}[39m
[35m[W3C (caacc79a)][39m Driver proxy active, passing request on via HTTP proxy
[35m[WD Proxy][39m Replacing sessionId 969e1274-0cff-45c4-a46e-df3efa1b1e26 with caacc79a-d91e-43fc-bc01-5a4f87e6d1d7
[35m[HTTP][39m [37m<-- GET /wd/hub/session/caacc79a-d91e-43fc-bc01-5a4f87e6d1d7/source [39m[32m200[39m [90m188 ms - 20043[39m
[35m[HTTP][39m [90m[39m
[35m[HTTP][39m [37m-->[39m [37mGET[39m [37m/wd/hub/session/caacc79a-d91e-43fc-bc01-5a4f87e6d1d7/screenshot[39m
[35m[HTTP][39m [90m{}[39m
[35m[HTTP][39m [37m<-- GET /wd/hub/session/caacc79a-d91e-43fc-bc01-5a4f87e6d1d7/screenshot [39m[32m200[39m [90m845 ms - 142576[39m
[35m[HTTP][39m [90m[39m
[35m[HTTP][39m [37m-->[39m [37mPOST[39m [37m/wd/hub/session/caacc79a-d91e-43fc-bc01-5a4f87e6d1d7/elements[39m
[35m[HTTP][39m [90m{"using":"xpath","value":"//*[@class = 'android.widget.ImageButton' and @resource-id = 'com.google.android.calculator:id/op_mul' and (@text = '' or . = '')]"}[39m
[35m[HTTP][39m [37m<-- POST /wd/hub/session/caacc79a-d91e-43fc-bc01-5a4f87e6d1d7/elements [39m[32m200[39m [90m359 ms - 139[39m
[35m[HTTP][39m [90m[39m
[35m[HTTP][39m [37m-->[39m [37mGET[39m [37m/wd/hub/session/caacc79a-d91e-43fc-bc01-5a4f87e6d1d7/window/rect[39m
[35m[HTTP][39m [90m{}[39m
[35m[HTTP][39m [37m<-- GET /wd/hub/session/caacc79a-d91e-43fc-bc01-5a4f87e6d1d7/window/rect [39m[32m200[39m [90m15 ms - 50[39m
[35m[HTTP][39m [90m[39m
[35m[HTTP][39m [37m-->[39m [37mPOST[39m [37m/wd/hub/session/caacc79a-d91e-43fc-bc01-5a4f87e6d1d7/elements[39m
[35m[HTTP][39m [90m{"using":"xpath","value":"//*[@class = 'android.widget.ImageButton' and @resource-id = 'com.google.android.calculator:id/op_mul' and (@text = '' or . = '')]"}[39m
[35m[HTTP][39m [37m<-- POST /wd/hub/session/caacc79a-d91e-43fc-bc01-5a4f87e6d1d7/elements [39m[32m200[39m [90m272 ms - 139[39m
[35m[HTTP][39m [90m[39m
[35m[HTTP][39m [37m-->[39m [37mGET[39m [37m/wd/hub/session/caacc79a-d91e-43fc-bc01-5a4f87e6d1d7/element/00000000-0000-000b-ffff-ffff0000005c/location[39m
[35m[HTTP][39m [90m{}[39m
[35m[W3C (caacc79a)][39m Driver proxy active, passing request on via HTTP proxy
[35m[WD Proxy][39m Replacing sessionId 969e1274-0cff-45c4-a46e-df3efa1b1e26 with caacc79a-d91e-43fc-bc01-5a4f87e6d1d7
[35m[HTTP][39m [37m<-- GET /wd/hub/session/caacc79a-d91e-43fc-bc01-5a4f87e6d1d7/element/00000000-0000-000b-ffff-ffff0000005c/location [39m[32m200[39m [90m29 ms - 78[39m
[35m[HTTP][39m [90m[39m
[35m[HTTP][39m [37m-->[39m [37mPOST[39m [37m/wd/hub/session/caacc79a-d91e-43fc-bc01-5a4f87e6d1d7/element/00000000-0000-000b-ffff-ffff0000005c/click[39m
[35m[HTTP][39m [90m{"id":"00000000-0000-000b-ffff-ffff0000005c"}[39m
[35m[HTTP][39m [37m<-- POST /wd/hub/session/caacc79a-d91e-43fc-bc01-5a4f87e6d1d7/element/00000000-0000-000b-ffff-ffff0000005c/click [39m[32m200[39m [90m731 ms - 14[39m
[35m[HTTP][39m [90m[39m
[35m[HTTP][39m [37m-->[39m [37mGET[39m [37m/wd/hub/session/caacc79a-d91e-43fc-bc01-5a4f87e6d1d7/source[39m
[35m[HTTP][39m [90m{}[39m
[35m[W3C (caacc79a)][39m Driver proxy active, passing request on via HTTP proxy
[35m[WD Proxy][39m Replacing sessionId 969e1274-0cff-45c4-a46e-df3efa1b1e26 with caacc79a-d91e-43fc-bc01-5a4f87e6d1d7
[35m[HTTP][39m [37m<-- GET /wd/hub/session/caacc79a-d91e-43fc-bc01-5a4f87e6d1d7/source [39m[32m200[39m [90m295 ms - 20045[39m
[35m[HTTP][39m [90m[39m
[35m[HTTP][39m [37m-->[39m [37mGET[39m [37m/wd/hub/session/caacc79a-d91e-43fc-bc01-5a4f87e6d1d7/screenshot[39m
[35m[HTTP][39m [90m{}[39m
[35m[HTTP][39m [37m<-- GET /wd/hub/session/caacc79a-d91e-43fc-bc01-5a4f87e6d1d7/screenshot [39m[32m200[39m [90m975 ms - 146242[39m
[35m[HTTP][39m [90m[39m
[35m[HTTP][39m [37m-->[39m [37mPOST[39m [37m/wd/hub/session/caacc79a-d91e-43fc-bc01-5a4f87e6d1d7/elements[39m
[35m[HTTP][39m [90m{"using":"xpath","value":"//*[@class = 'android.widget.ImageButton' and @resource-id = 'com.google.android.calculator:id/digit_9' and (@text = '' or . = '')]"}[39m
[35m[HTTP][39m [37m<-- POST /wd/hub/session/caacc79a-d91e-43fc-bc01-5a4f87e6d1d7/elements [39m[32m200[39m [90m256 ms - 139[39m
[35m[HTTP][39m [90m[39m
[35m[HTTP][39m [37m-->[39m [37mGET[39m [37m/wd/hub/session/caacc79a-d91e-43fc-bc01-5a4f87e6d1d7/window/rect[39m
[35m[HTTP][39m [90m{}[39m
[35m[HTTP][39m [37m<-- GET /wd/hub/session/caacc79a-d91e-43fc-bc01-5a4f87e6d1d7/window/rect [39m[32m200[39m [90m16 ms - 50[39m
[35m[HTTP][39m [90m[39m
[35m[HTTP][39m [37m-->[39m [37mPOST[39m [37m/wd/hub/session/caacc79a-d91e-43fc-bc01-5a4f87e6d1d7/elements[39m
[35m[HTTP][39m [90m{"using":"xpath","value":"//*[@class = 'android.widget.ImageButton' and @resource-id = 'com.google.android.calculator:id/digit_9' and (@text = '' or . = '')]"}[39m
[35m[HTTP][39m [37m<-- POST /wd/hub/session/caacc79a-d91e-43fc-bc01-5a4f87e6d1d7/elements [39m[32m200[39m [90m137 ms - 139[39m
[35m[HTTP][39m [90m[39m
[35m[HTTP][39m [37m-->[39m [37mGET[39m [37m/wd/hub/session/caacc79a-d91e-43fc-bc01-5a4f87e6d1d7/element/00000000-0000-000b-ffff-ffff0000005b/location[39m
[35m[HTTP][39m [90m{}[39m
[35m[W3C (caacc79a)][39m Driver proxy active, passing request on via HTTP proxy
[35m[WD Proxy][39m Replacing sessionId 969e1274-0cff-45c4-a46e-df3efa1b1e26 with caacc79a-d91e-43fc-bc01-5a4f87e6d1d7
[35m[HTTP][39m [37m<-- GET /wd/hub/session/caacc79a-d91e-43fc-bc01-5a4f87e6d1d7/element/00000000-0000-000b-ffff-ffff0000005b/location [39m[32m200[39m [90m19 ms - 78[39m
[35m[HTTP][39m [90m[39m
[35m[HTTP][39m [37m-->[39m [37mPOST[39m [37m/wd/hub/session/caacc79a-d91e-43fc-bc01-5a4f87e6d1d7/element/00000000-0000-000b-ffff-ffff0000005b/click[39m
[35m[HTTP][39m [90m{"id":"00000000-0000-000b-ffff-ffff0000005b"}[39m
[35m[HTTP][39m [37m<-- POST /wd/hub/session/caacc79a-d91e-43fc-bc01-5a4f87e6d1d7/element/00000000-0000-000b-ffff-ffff0000005b/click [39m[32m200[39m [90m893 ms - 14[39m
[35m[HTTP][39m [90m[39m
[35m[HTTP][39m [37m-->[39m [37mGET[39m [37m/wd/hub/session/caacc79a-d91e-43fc-bc01-5a4f87e6d1d7/source[39m
[35m[HTTP][39m [90m{}[39m
[35m[W3C (caacc79a)][39m Driver proxy active, passing request on via HTTP proxy
[35m[WD Proxy][39m Replacing sessionId 969e1274-0cff-45c4-a46e-df3efa1b1e26 with caacc79a-d91e-43fc-bc01-5a4f87e6d1d7
[35m[HTTP][39m [37m<-- GET /wd/hub/session/caacc79a-d91e-43fc-bc01-5a4f87e6d1d7/source [39m[32m200[39m [90m170 ms - 20020[39m
[35m[HTTP][39m [90m[39m
[35m[HTTP][39m [37m-->[39m [37mGET[39m [37m/wd/hub/session/caacc79a-d91e-43fc-bc01-5a4f87e6d1d7/screenshot[39m
[35m[HTTP][39m [90m{}[39m
[35m[HTTP][39m [37m<-- GET /wd/hub/session/caacc79a-d91e-43fc-bc01-5a4f87e6d1d7/screenshot [39m[32m200[39m [90m996 ms - 155714[39m
[35m[HTTP][39m [90m[39m
[35m[HTTP][39m [37m-->[39m [37mPOST[39m [37m/wd/hub/session/caacc79a-d91e-43fc-bc01-5a4f87e6d1d7/elements[39m
[35m[HTTP][39m [90m{"using":"xpath","value":"//*[@class = 'android.widget.ImageButton' and @resource-id = 'com.google.android.calculator:id/eq' and (@text = '' or . = '')]"}[39m
[35m[HTTP][39m [37m<-- POST /wd/hub/session/caacc79a-d91e-43fc-bc01-5a4f87e6d1d7/elements [39m[32m200[39m [90m284 ms - 139[39m
[35m[HTTP][39m [90m[39m
[35m[HTTP][39m [37m-->[39m [37mGET[39m [37m/wd/hub/session/caacc79a-d91e-43fc-bc01-5a4f87e6d1d7/window/rect[39m
[35m[HTTP][39m [90m{}[39m
[35m[HTTP][39m [37m<-- GET /wd/hub/session/caacc79a-d91e-43fc-bc01-5a4f87e6d1d7/window/rect [39m[32m200[39m [90m15 ms - 50[39m
[35m[HTTP][39m [90m[39m
[35m[HTTP][39m [37m-->[39m [37mPOST[39m [37m/wd/hub/session/caacc79a-d91e-43fc-bc01-5a4f87e6d1d7/elements[39m
[35m[HTTP][39m [90m{"using":"xpath","value":"//*[@class = 'android.widget.ImageButton' and @resource-id = 'com.google.android.calculator:id/eq' and (@text = '' or . = '')]"}[39m
[35m[HTTP][39m [37m<-- POST /wd/hub/session/caacc79a-d91e-43fc-bc01-5a4f87e6d1d7/elements [39m[32m200[39m [90m173 ms - 139[39m
[35m[HTTP][39m [90m[39m
[35m[HTTP][39m [37m-->[39m [37mGET[39m [37m/wd/hub/session/caacc79a-d91e-43fc-bc01-5a4f87e6d1d7/element/00000000-0000-000b-ffff-ffff00000068/location[39m
[35m[HTTP][39m [90m{}[39m
[35m[W3C (caacc79a)][39m Driver proxy active, passing request on via HTTP proxy
[35m[WD Proxy][39m Replacing sessionId 969e1274-0cff-45c4-a46e-df3efa1b1e26 with caacc79a-d91e-43fc-bc01-5a4f87e6d1d7
[35m[HTTP][39m [37m<-- GET /wd/hub/session/caacc79a-d91e-43fc-bc01-5a4f87e6d1d7/element/00000000-0000-000b-ffff-ffff00000068/location [39m[32m200[39m [90m23 ms - 79[39m
[35m[HTTP][39m [90m[39m
[35m[HTTP][39m [37m-->[39m [37mPOST[39m [37m/wd/hub/session/caacc79a-d91e-43fc-bc01-5a4f87e6d1d7/element/00000000-0000-000b-ffff-ffff00000068/click[39m
[35m[HTTP][39m [90m{"id":"00000000-0000-000b-ffff-ffff00000068"}[39m
[35m[HTTP][39m [37m<-- POST /wd/hub/session/caacc79a-d91e-43fc-bc01-5a4f87e6d1d7/element/00000000-0000-000b-ffff-ffff00000068/click [39m[32m200[39m [90m164 ms - 14[39m
[35m[HTTP][39m [90m[39m
[35m[HTTP][39m [37m-->[39m [37mGET[39m [37m/wd/hub/session/caacc79a-d91e-43fc-bc01-5a4f87e6d1d7/source[39m
[35m[HTTP][39m [90m{}[39m
[35m[W3C (caacc79a)][39m Driver proxy active, passing request on via HTTP proxy
[35m[WD Proxy][39m Replacing sessionId 969e1274-0cff-45c4-a46e-df3efa1b1e26 with caacc79a-d91e-43fc-bc01-5a4f87e6d1d7
[35m[HTTP][39m [37m<-- GET /wd/hub/session/caacc79a-d91e-43fc-bc01-5a4f87e6d1d7/source [39m[32m200[39m [90m529 ms - 19131[39m
[35m[HTTP][39m [90m[39m
[35m[HTTP][39m [37m-->[39m [37mGET[39m [37m/wd/hub/session/caacc79a-d91e-43fc-bc01-5a4f87e6d1d7/screenshot[39m
[35m[HTTP][39m [90m{}[39m
[35m[HTTP][39m [37m<-- GET /wd/hub/session/caacc79a-d91e-43fc-bc01-5a4f87e6d1d7/screenshot [39m[32m200[39m [90m656 ms - 147068[39m
[35m[HTTP][39m [90m[39m
[35m[HTTP][39m [37m-->[39m [37mGET[39m [37m/wd/hub/session/caacc79a-d91e-43fc-bc01-5a4f87e6d1d7/screenshot[39m
[35m[HTTP][39m [90m{}[39m
[35m[HTTP][39m [37m<-- GET /wd/hub/session/caacc79a-d91e-43fc-bc01-5a4f87e6d1d7/screenshot [39m[32m200[39m [90m634 ms - 147068[39m
[35m[HTTP][39m [90m[39m
[35m[HTTP][39m [37m-->[39m [37mGET[39m [37m/wd/hub/session/caacc79a-d91e-43fc-bc01-5a4f87e6d1d7/source[39m
[35m[HTTP][39m [90m{}[39m
[35m[W3C (caacc79a)][39m Driver proxy active, passing request on via HTTP proxy
[35m[WD Proxy][39m Replacing sessionId 969e1274-0cff-45c4-a46e-df3efa1b1e26 with caacc79a-d91e-43fc-bc01-5a4f87e6d1d7
[35m[HTTP][39m [37m<-- GET /wd/hub/session/caacc79a-d91e-43fc-bc01-5a4f87e6d1d7/source [39m[32m200[39m [90m172 ms - 18977[39m
[35m[HTTP][39m [90m[39m
[35m[HTTP][39m [37m-->[39m [37mGET[39m [37m/wd/hub/session/caacc79a-d91e-43fc-bc01-5a4f87e6d1d7/screenshot[39m
[35m[HTTP][39m [90m{}[39m
[35m[HTTP][39m [37m<-- GET /wd/hub/session/caacc79a-d91e-43fc-bc01-5a4f87e6d1d7/screenshot [39m[32m200[39m [90m1136 ms - 146592[39m
[35m[HTTP][39m [90m[39m
[35m[HTTP][39m [37m-->[39m [37mPOST[39m [37m/wd/hub/session/caacc79a-d91e-43fc-bc01-5a4f87e6d1d7/elements[39m
[35m[HTTP][39m [90m{"using":"xpath","value":"//*[@class = 'android.widget.ImageButton' and @resource-id = 'com.google.android.calculator:id/clr' and (@text = '' or . = '')]"}[39m
[35m[HTTP][39m [37m<-- POST /wd/hub/session/caacc79a-d91e-43fc-bc01-5a4f87e6d1d7/elements [39m[32m200[39m [90m157 ms - 139[39m
[35m[HTTP][39m [90m[39m
[35m[HTTP][39m [37m-->[39m [37mGET[39m [37m/wd/hub/session/caacc79a-d91e-43fc-bc01-5a4f87e6d1d7/window/rect[39m
[35m[HTTP][39m [90m{}[39m
[35m[HTTP][39m [37m<-- GET /wd/hub/session/caacc79a-d91e-43fc-bc01-5a4f87e6d1d7/window/rect [39m[32m200[39m [90m20 ms - 50[39m
[35m[HTTP][39m [90m[39m
[35m[HTTP][39m [37m-->[39m [37mPOST[39m [37m/wd/hub/session/caacc79a-d91e-43fc-bc01-5a4f87e6d1d7/elements[39m
[35m[HTTP][39m [90m{"using":"xpath","value":"//*[@class = 'android.widget.ImageButton' and @resource-id = 'com.google.android.calculator:id/clr' and (@text = '' or . = '')]"}[39m
[35m[HTTP][39m [37m<-- POST /wd/hub/session/caacc79a-d91e-43fc-bc01-5a4f87e6d1d7/elements [39m[32m200[39m [90m115 ms - 139[39m
[35m[HTTP][39m [90m[39m
[35m[HTTP][39m [37m-->[39m [37mGET[39m [37m/wd/hub/session/caacc79a-d91e-43fc-bc01-5a4f87e6d1d7/element/00000000-0000-000b-ffff-ffff00000055/location[39m
[35m[HTTP][39m [90m{}[39m
[35m[W3C (caacc79a)][39m Driver proxy active, passing request on via HTTP proxy
[35m[WD Proxy][39m Replacing sessionId 969e1274-0cff-45c4-a46e-df3efa1b1e26 with caacc79a-d91e-43fc-bc01-5a4f87e6d1d7
[35m[HTTP][39m [37m<-- GET /wd/hub/session/caacc79a-d91e-43fc-bc01-5a4f87e6d1d7/element/00000000-0000-000b-ffff-ffff00000055/location [39m[32m200[39m [90m25 ms - 77[39m
[35m[HTTP][39m [90m[39m
[35m[HTTP][39m [37m-->[39m [37mPOST[39m [37m/wd/hub/session/caacc79a-d91e-43fc-bc01-5a4f87e6d1d7/element/00000000-0000-000b-ffff-ffff00000055/click[39m
[35m[HTTP][39m [90m{"id":"00000000-0000-000b-ffff-ffff00000055"}[39m
[35m[HTTP][39m [37m<-- POST /wd/hub/session/caacc79a-d91e-43fc-bc01-5a4f87e6d1d7/element/00000000-0000-000b-ffff-ffff00000055/click [39m[32m200[39m [90m603 ms - 14[39m
[35m[HTTP][39m [90m[39m
[35m[HTTP][39m [37m-->[39m [37mGET[39m [37m/wd/hub/session/caacc79a-d91e-43fc-bc01-5a4f87e6d1d7/source[39m
[35m[HTTP][39m [90m{}[39m
[35m[W3C (caacc79a)][39m Driver proxy active, passing request on via HTTP proxy
[35m[WD Proxy][39m Replacing sessionId 969e1274-0cff-45c4-a46e-df3efa1b1e26 with caacc79a-d91e-43fc-bc01-5a4f87e6d1d7
[35m[HTTP][39m [37m<-- GET /wd/hub/session/caacc79a-d91e-43fc-bc01-5a4f87e6d1d7/source [39m[32m200[39m [90m188 ms - 20070[39m
[35m[HTTP][39m [90m[39m
[35m[HTTP][39m [37m-->[39m [37mGET[39m [37m/wd/hub/session/caacc79a-d91e-43fc-bc01-5a4f87e6d1d7/screenshot[39m
[35m[HTTP][39m [90m{}[39m
[35m[HTTP][39m [37m<-- GET /wd/hub/session/caacc79a-d91e-43fc-bc01-5a4f87e6d1d7/screenshot [39m[32m200[39m [90m717 ms - 137786[39m
[35m[HTTP][39m [90m[39m
[35m[HTTP][39m [37m-->[39m [37mPOST[39m [37m/wd/hub/session/caacc79a-d91e-43fc-bc01-5a4f87e6d1d7/elements[39m
[35m[HTTP][39m [90m{"using":"xpath","value":"//*[@class = 'android.widget.ImageButton' and @resource-id = 'com.google.android.calculator:id/digit_7' and (@text = '' or . = '')]"}[39m
[35m[HTTP][39m [37m<-- POST /wd/hub/session/caacc79a-d91e-43fc-bc01-5a4f87e6d1d7/elements [39m[32m200[39m [90m170 ms - 139[39m
[35m[HTTP][39m [90m[39m
[35m[HTTP][39m [37m-->[39m [37mGET[39m [37m/wd/hub/session/caacc79a-d91e-43fc-bc01-5a4f87e6d1d7/window/rect[39m
[35m[HTTP][39m [90m{}[39m
[35m[HTTP][39m [37m<-- GET /wd/hub/session/caacc79a-d91e-43fc-bc01-5a4f87e6d1d7/window/rect [39m[32m200[39m [90m16 ms - 50[39m
[35m[HTTP][39m [90m[39m
[35m[HTTP][39m [37m-->[39m [37mPOST[39m [37m/wd/hub/session/caacc79a-d91e-43fc-bc01-5a4f87e6d1d7/elements[39m
[35m[HTTP][39m [90m{"using":"xpath","value":"//*[@class = 'android.widget.ImageButton' and @resource-id = 'com.google.android.calculator:id/digit_7' and (@text = '' or . = '')]"}[39m
[35m[HTTP][39m [37m<-- POST /wd/hub/session/caacc79a-d91e-43fc-bc01-5a4f87e6d1d7/elements [39m[32m200[39m [90m106 ms - 139[39m
[35m[HTTP][39m [90m[39m
[35m[HTTP][39m [37m-->[39m [37mGET[39m [37m/wd/hub/session/caacc79a-d91e-43fc-bc01-5a4f87e6d1d7/element/00000000-0000-000b-ffff-ffff00000059/location[39m
[35m[HTTP][39m [90m{}[39m
[35m[W3C (caacc79a)][39m Driver proxy active, passing request on via HTTP proxy
[35m[WD Proxy][39m Replacing sessionId 969e1274-0cff-45c4-a46e-df3efa1b1e26 with caacc79a-d91e-43fc-bc01-5a4f87e6d1d7
[35m[HTTP][39m [37m<-- GET /wd/hub/session/caacc79a-d91e-43fc-bc01-5a4f87e6d1d7/element/00000000-0000-000b-ffff-ffff00000059/location [39m[32m200[39m [90m27 ms - 77[39m
[35m[HTTP][39m [90m[39m
[35m[HTTP][39m [37m-->[39m [37mPOST[39m [37m/wd/hub/session/caacc79a-d91e-43fc-bc01-5a4f87e6d1d7/element/00000000-0000-000b-ffff-ffff00000059/click[39m
[35m[HTTP][39m [90m{"id":"00000000-0000-000b-ffff-ffff00000059"}[39m
[35m[HTTP][39m [37m<-- POST /wd/hub/session/caacc79a-d91e-43fc-bc01-5a4f87e6d1d7/element/00000000-0000-000b-ffff-ffff00000059/click [39m[32m200[39m [90m621 ms - 14[39m
[35m[HTTP][39m [90m[39m
[35m[HTTP][39m [37m-->[39m [37mGET[39m [37m/wd/hub/session/caacc79a-d91e-43fc-bc01-5a4f87e6d1d7/source[39m
[35m[HTTP][39m [90m{}[39m
[35m[W3C (caacc79a)][39m Driver proxy active, passing request on via HTTP proxy
[35m[WD Proxy][39m Replacing sessionId 969e1274-0cff-45c4-a46e-df3efa1b1e26 with caacc79a-d91e-43fc-bc01-5a4f87e6d1d7
[35m[HTTP][39m [37m<-- GET /wd/hub/session/caacc79a-d91e-43fc-bc01-5a4f87e6d1d7/source [39m[32m200[39m [90m70 ms - 20043[39m
[35m[HTTP][39m [90m[39m
[35m[HTTP][39m [37m-->[39m [37mGET[39m [37m/wd/hub/session/caacc79a-d91e-43fc-bc01-5a4f87e6d1d7/screenshot[39m
[35m[HTTP][39m [90m{}[39m
[35m[HTTP][39m [37m<-- GET /wd/hub/session/caacc79a-d91e-43fc-bc01-5a4f87e6d1d7/screenshot [39m[32m200[39m [90m581 ms - 141534[39m
[35m[HTTP][39m [90m[39m
[35m[HTTP][39m [37m-->[39m [37mPOST[39m [37m/wd/hub/session/caacc79a-d91e-43fc-bc01-5a4f87e6d1d7/elements[39m
[35m[HTTP][39m [90m{"using":"xpath","value":"//*[@class = 'android.widget.ImageButton' and @resource-id = 'com.google.android.calculator:id/digit_8' and (@text = '' or . = '')]"}[39m
[35m[HTTP][39m [37m<-- POST /wd/hub/session/caacc79a-d91e-43fc-bc01-5a4f87e6d1d7/elements [39m[32m200[39m [90m104 ms - 139[39m
[35m[HTTP][39m [90m[39m
[35m[HTTP][39m [37m-->[39m [37mGET[39m [37m/wd/hub/session/caacc79a-d91e-43fc-bc01-5a4f87e6d1d7/window/rect[39m
[35m[HTTP][39m [90m{}[39m
[35m[HTTP][39m [37m<-- GET /wd/hub/session/caacc79a-d91e-43fc-bc01-5a4f87e6d1d7/window/rect [39m[32m200[39m [90m15 ms - 50[39m
[35m[HTTP][39m [90m[39m
[35m[HTTP][39m [37m-->[39m [37mPOST[39m [37m/wd/hub/session/caacc79a-d91e-43fc-bc01-5a4f87e6d1d7/elements[39m
[35m[HTTP][39m [90m{"using":"xpath","value":"//*[@class = 'android.widget.ImageButton' and @resource-id = 'com.google.android.calculator:id/digit_8' and (@text = '' or . = '')]"}[39m
[35m[HTTP][39m [37m<-- POST /wd/hub/session/caacc79a-d91e-43fc-bc01-5a4f87e6d1d7/elements [39m[32m200[39m [90m154 ms - 139[39m
[35m[HTTP][39m [90m[39m
[35m[HTTP][39m [37m-->[39m [37mGET[39m [37m/wd/hub/session/caacc79a-d91e-43fc-bc01-5a4f87e6d1d7/element/00000000-0000-000b-ffff-ffff0000005a/location[39m
[35m[HTTP][39m [90m{}[39m
[35m[W3C (caacc79a)][39m Driver proxy active, passing request on via HTTP proxy
[35m[WD Proxy][39m Replacing sessionId 969e1274-0cff-45c4-a46e-df3efa1b1e26 with caacc79a-d91e-43fc-bc01-5a4f87e6d1d7
[35m[HTTP][39m [37m<-- GET /wd/hub/session/caacc79a-d91e-43fc-bc01-5a4f87e6d1d7/element/00000000-0000-000b-ffff-ffff0000005a/location [39m[32m200[39m [90m36 ms - 78[39m
[35m[HTTP][39m [90m[39m
[35m[HTTP][39m [37m-->[39m [37mPOST[39m [37m/wd/hub/session/caacc79a-d91e-43fc-bc01-5a4f87e6d1d7/element/00000000-0000-000b-ffff-ffff0000005a/click[39m
[35m[HTTP][39m [90m{"id":"00000000-0000-000b-ffff-ffff0000005a"}[39m
[35m[HTTP][39m [37m<-- POST /wd/hub/session/caacc79a-d91e-43fc-bc01-5a4f87e6d1d7/element/00000000-0000-000b-ffff-ffff0000005a/click [39m[32m200[39m [90m748 ms - 14[39m
[35m[HTTP][39m [90m[39m
[35m[HTTP][39m [37m-->[39m [37mGET[39m [37m/wd/hub/session/caacc79a-d91e-43fc-bc01-5a4f87e6d1d7/source[39m
[35m[HTTP][39m [90m{}[39m
[35m[W3C (caacc79a)][39m Driver proxy active, passing request on via HTTP proxy
[35m[WD Proxy][39m Replacing sessionId 969e1274-0cff-45c4-a46e-df3efa1b1e26 with caacc79a-d91e-43fc-bc01-5a4f87e6d1d7
[35m[HTTP][39m [37m<-- GET /wd/hub/session/caacc79a-d91e-43fc-bc01-5a4f87e6d1d7/source [39m[32m200[39m [90m86 ms - 20044[39m
[35m[HTTP][39m [90m[39m
[35m[HTTP][39m [37m-->[39m [37mGET[39m [37m/wd/hub/session/caacc79a-d91e-43fc-bc01-5a4f87e6d1d7/screenshot[39m
[35m[HTTP][39m [90m{}[39m
[35m[HTTP][39m [37m<-- GET /wd/hub/session/caacc79a-d91e-43fc-bc01-5a4f87e6d1d7/screenshot [39m[32m200[39m [90m524 ms - 148144[39m
[35m[HTTP][39m [90m[39m
[35m[HTTP][39m [37m-->[39m [37mPOST[39m [37m/wd/hub/session/caacc79a-d91e-43fc-bc01-5a4f87e6d1d7/elements[39m
[35m[HTTP][39m [90m{"using":"xpath","value":"//*[@class = 'android.widget.ImageButton' and @resource-id = 'com.google.android.calculator:id/op_div' and (@text = '' or . = '')]"}[39m
[35m[HTTP][39m [37m<-- POST /wd/hub/session/caacc79a-d91e-43fc-bc01-5a4f87e6d1d7/elements [39m[32m200[39m [90m121 ms - 139[39m
[35m[HTTP][39m [90m[39m
[35m[HTTP][39m [37m-->[39m [37mGET[39m [37m/wd/hub/session/caacc79a-d91e-43fc-bc01-5a4f87e6d1d7/window/rect[39m
[35m[HTTP][39m [90m{}[39m
[35m[HTTP][39m [37m<-- GET /wd/hub/session/caacc79a-d91e-43fc-bc01-5a4f87e6d1d7/window/rect [39m[32m200[39m [90m20 ms - 50[39m
[35m[HTTP][39m [90m[39m
[35m[HTTP][39m [37m-->[39m [37mPOST[39m [37m/wd/hub/session/caacc79a-d91e-43fc-bc01-5a4f87e6d1d7/elements[39m
[35m[HTTP][39m [90m{"using":"xpath","value":"//*[@class = 'android.widget.ImageButton' and @resource-id = 'com.google.android.calculator:id/op_div' and (@text = '' or . = '')]"}[39m
[35m[HTTP][39m [37m<-- POST /wd/hub/session/caacc79a-d91e-43fc-bc01-5a4f87e6d1d7/elements [39m[32m200[39m [90m146 ms - 139[39m
[35m[HTTP][39m [90m[39m
[35m[HTTP][39m [37m-->[39m [37mGET[39m [37m/wd/hub/session/caacc79a-d91e-43fc-bc01-5a4f87e6d1d7/element/00000000-0000-000b-ffff-ffff00000058/location[39m
[35m[HTTP][39m [90m{}[39m
[35m[W3C (caacc79a)][39m Driver proxy active, passing request on via HTTP proxy
[35m[WD Proxy][39m Replacing sessionId 969e1274-0cff-45c4-a46e-df3efa1b1e26 with caacc79a-d91e-43fc-bc01-5a4f87e6d1d7
[35m[HTTP][39m [37m<-- GET /wd/hub/session/caacc79a-d91e-43fc-bc01-5a4f87e6d1d7/element/00000000-0000-000b-ffff-ffff00000058/location [39m[32m200[39m [90m20 ms - 78[39m
[35m[HTTP][39m [90m[39m
[35m[HTTP][39m [37m-->[39m [37mPOST[39m [37m/wd/hub/session/caacc79a-d91e-43fc-bc01-5a4f87e6d1d7/element/00000000-0000-000b-ffff-ffff00000058/click[39m
[35m[HTTP][39m [90m{"id":"00000000-0000-000b-ffff-ffff00000058"}[39m
[35m[HTTP][39m [37m<-- POST /wd/hub/session/caacc79a-d91e-43fc-bc01-5a4f87e6d1d7/element/00000000-0000-000b-ffff-ffff00000058/click [39m[32m200[39m [90m599 ms - 14[39m
[35m[HTTP][39m [90m[39m
[35m[HTTP][39m [37m-->[39m [37mGET[39m [37m/wd/hub/session/caacc79a-d91e-43fc-bc01-5a4f87e6d1d7/source[39m
[35m[HTTP][39m [90m{}[39m
[35m[W3C (caacc79a)][39m Driver proxy active, passing request on via HTTP proxy
[35m[WD Proxy][39m Replacing sessionId 969e1274-0cff-45c4-a46e-df3efa1b1e26 with caacc79a-d91e-43fc-bc01-5a4f87e6d1d7
[35m[HTTP][39m [37m<-- GET /wd/hub/session/caacc79a-d91e-43fc-bc01-5a4f87e6d1d7/source [39m[32m200[39m [90m71 ms - 20046[39m
[35m[HTTP][39m [90m[39m
[35m[HTTP][39m [37m-->[39m [37mGET[39m [37m/wd/hub/session/caacc79a-d91e-43fc-bc01-5a4f87e6d1d7/screenshot[39m
[35m[HTTP][39m [90m{}[39m
[35m[HTTP][39m [37m<-- GET /wd/hub/session/caacc79a-d91e-43fc-bc01-5a4f87e6d1d7/screenshot [39m[32m200[39m [90m586 ms - 149428[39m
[35m[HTTP][39m [90m[39m
[35m[HTTP][39m [37m-->[39m [37mPOST[39m [37m/wd/hub/session/caacc79a-d91e-43fc-bc01-5a4f87e6d1d7/elements[39m
[35m[HTTP][39m [90m{"using":"xpath","value":"//*[@class = 'android.widget.ImageButton' and @resource-id = 'com.google.android.calculator:id/digit_5' and (@text = '' or . = '')]"}[39m
[35m[HTTP][39m [37m<-- POST /wd/hub/session/caacc79a-d91e-43fc-bc01-5a4f87e6d1d7/elements [39m[32m200[39m [90m120 ms - 139[39m
[35m[HTTP][39m [90m[39m
[35m[HTTP][39m [37m-->[39m [37mGET[39m [37m/wd/hub/session/caacc79a-d91e-43fc-bc01-5a4f87e6d1d7/window/rect[39m
[35m[HTTP][39m [90m{}[39m
[35m[HTTP][39m [37m<-- GET /wd/hub/session/caacc79a-d91e-43fc-bc01-5a4f87e6d1d7/window/rect [39m[32m200[39m [90m14 ms - 50[39m
[35m[HTTP][39m [90m[39m
[35m[HTTP][39m [37m-->[39m [37mPOST[39m [37m/wd/hub/session/caacc79a-d91e-43fc-bc01-5a4f87e6d1d7/elements[39m
[35m[HTTP][39m [90m{"using":"xpath","value":"//*[@class = 'android.widget.ImageButton' and @resource-id = 'com.google.android.calculator:id/digit_5' and (@text = '' or . = '')]"}[39m
[35m[HTTP][39m [37m<-- POST /wd/hub/session/caacc79a-d91e-43fc-bc01-5a4f87e6d1d7/elements [39m[32m200[39m [90m123 ms - 139[39m
[35m[HTTP][39m [90m[39m
[35m[HTTP][39m [37m-->[39m [37mGET[39m [37m/wd/hub/session/caacc79a-d91e-43fc-bc01-5a4f87e6d1d7/element/00000000-0000-000b-ffff-ffff0000005e/location[39m
[35m[HTTP][39m [90m{}[39m
[35m[W3C (caacc79a)][39m Driver proxy active, passing request on via HTTP proxy
[35m[WD Proxy][39m Replacing sessionId 969e1274-0cff-45c4-a46e-df3efa1b1e26 with caacc79a-d91e-43fc-bc01-5a4f87e6d1d7
[35m[HTTP][39m [37m<-- GET /wd/hub/session/caacc79a-d91e-43fc-bc01-5a4f87e6d1d7/element/00000000-0000-000b-ffff-ffff0000005e/location [39m[32m200[39m [90m26 ms - 79[39m
[35m[HTTP][39m [90m[39m
[35m[HTTP][39m [37m-->[39m [37mPOST[39m [37m/wd/hub/session/caacc79a-d91e-43fc-bc01-5a4f87e6d1d7/element/00000000-0000-000b-ffff-ffff0000005e/click[39m
[35m[HTTP][39m [90m{"id":"00000000-0000-000b-ffff-ffff0000005e"}[39m
[35m[HTTP][39m [37m<-- POST /wd/hub/session/caacc79a-d91e-43fc-bc01-5a4f87e6d1d7/element/00000000-0000-000b-ffff-ffff0000005e/click [39m[32m200[39m [90m680 ms - 14[39m
[35m[HTTP][39m [90m[39m
[35m[HTTP][39m [37m-->[39m [37mGET[39m [37m/wd/hub/session/caacc79a-d91e-43fc-bc01-5a4f87e6d1d7/source[39m
[35m[HTTP][39m [90m{}[39m
[35m[W3C (caacc79a)][39m Driver proxy active, passing request on via HTTP proxy
[35m[WD Proxy][39m Replacing sessionId 969e1274-0cff-45c4-a46e-df3efa1b1e26 with caacc79a-d91e-43fc-bc01-5a4f87e6d1d7
[35m[HTTP][39m [37m<-- GET /wd/hub/session/caacc79a-d91e-43fc-bc01-5a4f87e6d1d7/source [39m[32m200[39m [90m106 ms - 20023[39m
[35m[HTTP][39m [90m[39m
[35m[HTTP][39m [37m-->[39m [37mGET[39m [37m/wd/hub/session/caacc79a-d91e-43fc-bc01-5a4f87e6d1d7/screenshot[39m
[35m[HTTP][39m [90m{}[39m
[35m[HTTP][39m [37m<-- GET /wd/hub/session/caacc79a-d91e-43fc-bc01-5a4f87e6d1d7/screenshot [39m[32m200[39m [90m597 ms - 162092[39m
[35m[HTTP][39m [90m[39m
[35m[HTTP][39m [37m-->[39m [37mPOST[39m [37m/wd/hub/session/caacc79a-d91e-43fc-bc01-5a4f87e6d1d7/elements[39m
[35m[HTTP][39m [90m{"using":"xpath","value":"//*[@class = 'android.widget.ImageButton' and @resource-id = 'com.google.android.calculator:id/eq' and (@text = '' or . = '')]"}[39m
[35m[HTTP][39m [37m<-- POST /wd/hub/session/caacc79a-d91e-43fc-bc01-5a4f87e6d1d7/elements [39m[32m200[39m [90m115 ms - 139[39m
[35m[HTTP][39m [90m[39m
[35m[HTTP][39m [37m-->[39m [37mGET[39m [37m/wd/hub/session/caacc79a-d91e-43fc-bc01-5a4f87e6d1d7/window/rect[39m
[35m[HTTP][39m [90m{}[39m
[35m[HTTP][39m [37m<-- GET /wd/hub/session/caacc79a-d91e-43fc-bc01-5a4f87e6d1d7/window/rect [39m[32m200[39m [90m15 ms - 50[39m
[35m[HTTP][39m [90m[39m
[35m[HTTP][39m [37m-->[39m [37mPOST[39m [37m/wd/hub/session/caacc79a-d91e-43fc-bc01-5a4f87e6d1d7/elements[39m
[35m[HTTP][39m [90m{"using":"xpath","value":"//*[@class = 'android.widget.ImageButton' and @resource-id = 'com.google.android.calculator:id/eq' and (@text = '' or . = '')]"}[39m
[35m[HTTP][39m [37m<-- POST /wd/hub/session/caacc79a-d91e-43fc-bc01-5a4f87e6d1d7/elements [39m[32m200[39m [90m84 ms - 139[39m
[35m[HTTP][39m [90m[39m
[35m[HTTP][39m [37m-->[39m [37mGET[39m [37m/wd/hub/session/caacc79a-d91e-43fc-bc01-5a4f87e6d1d7/element/00000000-0000-000b-ffff-ffff00000068/location[39m
[35m[HTTP][39m [90m{}[39m
[35m[W3C (caacc79a)][39m Driver proxy active, passing request on via HTTP proxy
[35m[WD Proxy][39m Replacing sessionId 969e1274-0cff-45c4-a46e-df3efa1b1e26 with caacc79a-d91e-43fc-bc01-5a4f87e6d1d7
[35m[HTTP][39m [37m<-- GET /wd/hub/session/caacc79a-d91e-43fc-bc01-5a4f87e6d1d7/element/00000000-0000-000b-ffff-ffff00000068/location [39m[32m200[39m [90m31 ms - 79[39m
[35m[HTTP][39m [90m[39m
[35m[HTTP][39m [37m-->[39m [37mPOST[39m [37m/wd/hub/session/caacc79a-d91e-43fc-bc01-5a4f87e6d1d7/element/00000000-0000-000b-ffff-ffff00000068/click[39m
[35m[HTTP][39m [90m{"id":"00000000-0000-000b-ffff-ffff00000068"}[39m
[35m[HTTP][39m [37m<-- POST /wd/hub/session/caacc79a-d91e-43fc-bc01-5a4f87e6d1d7/element/00000000-0000-000b-ffff-ffff00000068/click [39m[32m200[39m [90m1180 ms - 14[39m
[35m[HTTP][39m [90m[39m
[35m[HTTP][39m [37m-->[39m [37mGET[39m [37m/wd/hub/session/caacc79a-d91e-43fc-bc01-5a4f87e6d1d7/source[39m
[35m[HTTP][39m [90m{}[39m
[35m[W3C (caacc79a)][39m Driver proxy active, passing request on via HTTP proxy
[35m[WD Proxy][39m Replacing sessionId 969e1274-0cff-45c4-a46e-df3efa1b1e26 with caacc79a-d91e-43fc-bc01-5a4f87e6d1d7
[35m[HTTP][39m [37m<-- GET /wd/hub/session/caacc79a-d91e-43fc-bc01-5a4f87e6d1d7/source [39m[32m200[39m [90m111 ms - 19482[39m
[35m[HTTP][39m [90m[39m
[35m[HTTP][39m [37m-->[39m [37mGET[39m [37m/wd/hub/session/caacc79a-d91e-43fc-bc01-5a4f87e6d1d7/screenshot[39m
[35m[HTTP][39m [90m{}[39m
[35m[HTTP][39m [37m<-- GET /wd/hub/session/caacc79a-d91e-43fc-bc01-5a4f87e6d1d7/screenshot [39m[32m200[39m [90m611 ms - 159322[39m
[35m[HTTP][39m [90m[39m
[35m[HTTP][39m [37m-->[39m [37mGET[39m [37m/wd/hub/session/caacc79a-d91e-43fc-bc01-5a4f87e6d1d7/screenshot[39m
[35m[HTTP][39m [90m{}[39m
[35m[HTTP][39m [37m<-- GET /wd/hub/session/caacc79a-d91e-43fc-bc01-5a4f87e6d1d7/screenshot [39m[32m200[39m [90m556 ms - 159322[39m
[35m[HTTP][39m [90m[39m
[35m[HTTP][39m [37m-->[39m [37mGET[39m [37m/wd/hub/session/caacc79a-d91e-43fc-bc01-5a4f87e6d1d7/source[39m
[35m[HTTP][39m [90m{}[39m
[35m[W3C (caacc79a)][39m Driver proxy active, passing request on via HTTP proxy
[35m[WD Proxy][39m Replacing sessionId 969e1274-0cff-45c4-a46e-df3efa1b1e26 with caacc79a-d91e-43fc-bc01-5a4f87e6d1d7
[35m[HTTP][39m [37m<-- GET /wd/hub/session/caacc79a-d91e-43fc-bc01-5a4f87e6d1d7/source [39m[32m200[39m [90m98 ms - 19482[39m
[35m[HTTP][39m [90m[39m
[35m[HTTP][39m [37m-->[39m [37mGET[39m [37m/wd/hub/session/caacc79a-d91e-43fc-bc01-5a4f87e6d1d7/screenshot[39m
[35m[HTTP][39m [90m{}[39m
[35m[HTTP][39m [37m<-- GET /wd/hub/session/caacc79a-d91e-43fc-bc01-5a4f87e6d1d7/screenshot [39m[32m200[39m [90m931 ms - 159322[39m
[35m[HTTP][39m [90m[39m
[35m[HTTP][39m [37m-->[39m [37mDELETE[39m [37m/wd/hub/session/caacc79a-d91e-43fc-bc01-5a4f87e6d1d7[39m
[35m[HTTP][39m [90m{}[39m
[35m[Appium][39m Removing session caacc79a-d91e-43fc-bc01-5a4f87e6d1d7 from our master session list
[35m[UiAutomator2][39m Restoring hidden api policy to the device default configuration
[35m[HTTP][39m [37m<-- DELETE /wd/hub/session/caacc79a-d91e-43fc-bc01-5a4f87e6d1d7 [39m[32m200[39m [90m660 ms - 14[39m
[35m[HTTP][39m [90m[39m
